Vivado Simulator v2022.2
Copyright 1986-1999, 2001-2022 Xilinx, Inc. All Rights Reserved.
Running: D:/verilog/Vivado/2022.2/bin/unwrapped/win64.o/xelab.exe --incr --debug typical --relax --mt 2 -L xil_defaultlib -L uvm -L unisims_ver -L unimacro_ver -L secureip --snapshot simulation1_behav xil_defaultlib.simulation1 xil_defaultlib.glbl -log elaborate.log 
Using 2 slave threads.
Starting static elaboration
Pass Through NonSizing Optimizer
WARNING: [VRFC 10-3091] actual bit length 6 differs from formal bit length 5 for port 'd1' [D:/assembly/lab04/files/final_project/mips_updated/mips_updated.srcs/sources_1/new/all_modules.sv:262]
Completed static elaboration
Starting simulation data flow analysis
Completed simulation data flow analysis
Time Resolution for simulation is 1ps
Compiling module xil_defaultlib.maindec
Compiling module xil_defaultlib.aludec
Compiling module xil_defaultlib.controller
Compiling module xil_defaultlib.flopr(WIDTH=32)
Compiling module xil_defaultlib.adder
Compiling module xil_defaultlib.sl2
Compiling module xil_defaultlib.mux2(WIDTH=32)
Compiling module xil_defaultlib.regfile
Compiling module xil_defaultlib.mux2(WIDTH=5)
Compiling module xil_defaultlib.signext
Compiling module xil_defaultlib.alu
Compiling module xil_defaultlib.datapath
Compiling module xil_defaultlib.mips
Compiling module xil_defaultlib.imem
Compiling module xil_defaultlib.dmem
Compiling module xil_defaultlib.top
Compiling module xil_defaultlib.simulation1
Compiling module xil_defaultlib.glbl
Built simulation snapshot simulation1_behav
